{"message":"API is now running on port 3000 in development mode","level":"info"}
{"message":"Successfully connected to mongodb://localhost:27017 MongoDB cluster in development mode.","level":"info"}
{"message":"Mon Jul 02 2018 08:39:54 GMT+0700 (+07): GET /","level":"info"}
{"message":"API is now running on port 3000 in development mode","level":"info"}
{"message":"Successfully connected to mongodb://localhost:27017 MongoDB cluster in development mode.","level":"info"}
{"message":"Mon Jul 02 2018 08:40:30 GMT+0700 (+07): GET /users/sign_in","level":"info"}
{"message":"Cast to ObjectId failed for value \"sign_in\" at path \"_id\" for model \"User\"","name":"CastError","stringValue":"\"sign_in\"","kind":"ObjectId","value":"sign_in","path":"_id","level":"error"}
{"message":"Mon Jul 02 2018 08:40:32 GMT+0700 (+07): GET /users","level":"info"}
{"message":"API is now running on port 3000 in development mode","level":"info"}
{"message":"Successfully connected to mongodb://localhost:27017 MongoDB cluster in development mode.","level":"info"}
{"message":"API is now running on port 3000 in development mode","level":"info"}
{"message":"Successfully connected to mongodb://localhost:27017 MongoDB cluster in development mode.","level":"info"}
{"message":"API is now running on port 3000 in development mode","level":"info"}
{"message":"Successfully connected to mongodb://localhost:27017 MongoDB cluster in development mode.","level":"info"}
{"message":"API is now running on port 3000 in development mode","level":"info"}
{"message":"Successfully connected to mongodb://localhost:27017 MongoDB cluster in development mode.","level":"info"}
{"message":"Mon Jul 02 2018 08:44:28 GMT+0700 (+07): GET /users","level":"info"}
{"message":"API is now running on port 3000 in development mode","level":"info"}
{"message":"Successfully connected to mongodb://localhost:27017 MongoDB cluster in development mode.","level":"info"}
{"message":"API is now running on port 3000 in development mode","level":"info"}
{"message":"Successfully connected to mongodb://localhost:27017 MongoDB cluster in development mode.","level":"info"}
{"message":"API is now running on port 3000 in development mode","level":"info"}
{"message":"Successfully connected to mongodb://localhost:27017 MongoDB cluster in development mode.","level":"info"}
{"message":"Mon Jul 02 2018 08:46:18 GMT+0700 (+07): GET /users","level":"info"}
{"message":"API is now running on port 3000 in development mode","level":"info"}
{"message":"Successfully connected to mongodb://localhost:27017 MongoDB cluster in development mode.","level":"info"}
{"message":"API is now running on port 3000 in development mode","level":"info"}
{"message":"Successfully connected to mongodb://localhost:27017 MongoDB cluster in development mode.","level":"info"}
{"message":"API is now running on port 3000 in development mode","level":"info"}
{"message":"Successfully connected to mongodb://localhost:27017 MongoDB cluster in development mode.","level":"info"}
{"message":"API is now running on port 3000 in development mode","level":"info"}
{"message":"Successfully connected to mongodb://localhost:27017 MongoDB cluster in development mode.","level":"info"}
{"message":"API is now running on port 3000 in development mode","level":"info"}
{"message":"Successfully connected to mongodb://localhost:27017 MongoDB cluster in development mode.","level":"info"}
{"message":"API is now running on port 3000 in development mode","level":"info"}
{"message":"Successfully connected to mongodb://localhost:27017 MongoDB cluster in development mode.","level":"info"}
{"message":"Mon Jul 02 2018 09:27:41 GMT+0700 (+07): GET /users","level":"info"}
{"message":"API is now running on port 3000 in development mode","level":"info"}
{"message":"Successfully connected to mongodb://localhost:27017 MongoDB cluster in development mode.","level":"info"}
{"message":"Mon Jul 02 2018 09:28:02 GMT+0700 (+07): POST /users","level":"info"}
{"message":"API is now running on port 3000 in development mode","level":"info"}
{"message":"Successfully connected to mongodb://localhost:27017 MongoDB cluster in development mode.","level":"info"}
{"message":"API is now running on port 3000 in development mode","level":"info"}
{"message":"Successfully connected to mongodb://localhost:27017 MongoDB cluster in development mode.","level":"info"}
{"message":"API is now running on port 3000 in development mode","level":"info"}
{"message":"Successfully connected to mongodb://localhost:27017 MongoDB cluster in development mode.","level":"info"}
{"message":"Mon Jul 02 2018 09:31:09 GMT+0700 (+07): POST /users","level":"info"}
{"message":"Mon Jul 02 2018 09:38:43 GMT+0700 (+07): POST /users","level":"info"}
{"message":"Mon Jul 02 2018 09:39:22 GMT+0700 (+07): POST /users","level":"info"}
{"message":"API is now running on port 3000 in development mode","level":"info"}
{"message":"Successfully connected to mongodb://localhost:27017 MongoDB cluster in development mode.","level":"info"}
{"message":"Mon Jul 02 2018 09:40:51 GMT+0700 (+07): POST /users","level":"info"}
{"message":"API is now running on port 3000 in development mode","level":"info"}
{"message":"Successfully connected to mongodb://localhost:27017 MongoDB cluster in development mode.","level":"info"}
{"message":"Mon Jul 02 2018 09:45:09 GMT+0700 (+07): POST /users","level":"info"}
{"message":"Mon Jul 02 2018 09:46:02 GMT+0700 (+07): POST /users","level":"info"}
{"message":"Mon Jul 02 2018 09:46:24 GMT+0700 (+07): POST /users","level":"info"}
{"message":"Mon Jul 02 2018 09:46:50 GMT+0700 (+07): POST /users","level":"info"}
{"message":"Mon Jul 02 2018 09:47:05 GMT+0700 (+07): POST /users","level":"info"}
{"message":"Mon Jul 02 2018 09:48:25 GMT+0700 (+07): POST /users","level":"info"}
{"message":"Mon Jul 02 2018 09:48:30 GMT+0700 (+07): POST /users","level":"info"}
{"message":"Mon Jul 02 2018 09:52:30 GMT+0700 (+07): GET /users","level":"info"}
{"message":"API is now running on port 4000 in development mode","level":"info"}
{"message":"Successfully connected to mongodb://localhost:27017 MongoDB cluster in development mode.","level":"info"}
{"message":"Sun Apr 24 2022 20:22:54 GMT+0700 (Indochina Time): GET /","level":"info"}
{"message":"Sun Apr 24 2022 20:23:14 GMT+0700 (Indochina Time): GET /","level":"info"}
{"message":"API is now running on port 4000 in development mode","level":"info"}
{"message":"Successfully connected to mongodb://localhost:27017 MongoDB cluster in development mode.","level":"info"}
{"message":"Sun Apr 24 2022 20:37:47 GMT+0700 (Indochina Time): POST /student","level":"info"}
{"message":"Sun Apr 24 2022 20:39:29 GMT+0700 (Indochina Time): POST /student","level":"info"}
{"message":"Sun Apr 24 2022 20:48:34 GMT+0700 (Indochina Time): GET /student","level":"info"}
{"message":"API is now running on port 4000 in development mode","level":"info"}
{"message":"Successfully connected to mongodb://localhost:27017 MongoDB cluster in development mode.","level":"info"}
{"message":"Sun Apr 24 2022 21:02:59 GMT+0700 (Indochina Time): GET /student","level":"info"}
{"message":"API is now running on port 4000 in development mode","level":"info"}
{"message":"Successfully connected to mongodb://localhost:27017 MongoDB cluster in development mode.","level":"info"}
{"message":"Sun Apr 24 2022 21:05:11 GMT+0700 (Indochina Time): POST /student","level":"info"}
{"message":"API is now running on port 4000 in development mode","level":"info"}
{"message":"Successfully connected to mongodb://localhost:27017 MongoDB cluster in development mode.","level":"info"}
{"message":"Sun Apr 24 2022 21:10:53 GMT+0700 (Indochina Time): POST /student","level":"info"}
{"message":"Sun Apr 24 2022 21:11:05 GMT+0700 (Indochina Time): GET /student","level":"info"}
{"message":"API is now running on port 4000 in development mode","level":"info"}
{"message":"Successfully connected to mongodb://localhost:27017 MongoDB cluster in development mode.","level":"info"}
{"message":"Sun Apr 24 2022 21:25:53 GMT+0700 (Indochina Time): GET /students","level":"info"}
{"message":"Sun Apr 24 2022 21:25:53 GMT+0700 (Indochina Time): GET /students","level":"info"}
{"message":"Sun Apr 24 2022 21:26:18 GMT+0700 (Indochina Time): GET /students","level":"info"}
{"message":"Sun Apr 24 2022 21:26:18 GMT+0700 (Indochina Time): GET /students","level":"info"}
{"message":"API is now running on port 4000 in development mode","level":"info"}
{"message":"Successfully connected to mongodb://localhost:27017 MongoDB cluster in development mode.","level":"info"}
{"message":"Sun Apr 24 2022 21:27:56 GMT+0700 (Indochina Time): GET /students","level":"info"}
{"message":"Sun Apr 24 2022 21:28:16 GMT+0700 (Indochina Time): GET /students","level":"info"}
{"message":"Sun Apr 24 2022 21:30:00 GMT+0700 (Indochina Time): GET /students","level":"info"}
{"message":"Sun Apr 24 2022 21:30:20 GMT+0700 (Indochina Time): GET /students","level":"info"}
{"message":"Sun Apr 24 2022 21:30:27 GMT+0700 (Indochina Time): GET /student","level":"info"}
{"message":"Sun Apr 24 2022 21:30:50 GMT+0700 (Indochina Time): GET /student","level":"info"}
{"message":"Sun Apr 24 2022 21:31:10 GMT+0700 (Indochina Time): GET /student","level":"info"}
{"message":"API is now running on port 4000 in development mode","level":"info"}
{"message":"Successfully connected to mongodb://localhost:27017 MongoDB cluster in development mode.","level":"info"}
{"message":"Sun Apr 24 2022 21:31:50 GMT+0700 (Indochina Time): GET /student","level":"info"}
{"message":"API is now running on port 4000 in development mode","level":"info"}
{"message":"Successfully connected to mongodb://localhost:27017 MongoDB cluster in development mode.","level":"info"}
{"message":"Sun Apr 24 2022 21:33:32 GMT+0700 (Indochina Time): GET /student","level":"info"}
{"message":"Sun Apr 24 2022 21:33:46 GMT+0700 (Indochina Time): GET /student","level":"info"}
{"message":"Sun Apr 24 2022 21:33:46 GMT+0700 (Indochina Time): GET /student","level":"info"}
{"message":"API is now running on port 4000 in development mode","level":"info"}
{"message":"Successfully connected to mongodb://localhost:27017 MongoDB cluster in development mode.","level":"info"}
{"message":"Sun Apr 24 2022 21:35:21 GMT+0700 (Indochina Time): GET /student","level":"info"}
{"message":"Sun Apr 24 2022 21:35:22 GMT+0700 (Indochina Time): GET /student","level":"info"}
{"message":"Sun Apr 24 2022 21:35:31 GMT+0700 (Indochina Time): GET /student","level":"info"}
{"message":"Sun Apr 24 2022 21:35:31 GMT+0700 (Indochina Time): GET /student","level":"info"}
{"message":"Sun Apr 24 2022 21:38:37 GMT+0700 (Indochina Time): GET /student","level":"info"}
{"message":"Sun Apr 24 2022 21:38:37 GMT+0700 (Indochina Time): GET /student","level":"info"}
{"message":"Sun Apr 24 2022 21:39:24 GMT+0700 (Indochina Time): GET /student","level":"info"}
{"message":"Sun Apr 24 2022 21:39:24 GMT+0700 (Indochina Time): GET /student","level":"info"}
{"message":"Sun Apr 24 2022 21:59:37 GMT+0700 (Indochina Time): GET /student","level":"info"}
{"message":"Sun Apr 24 2022 21:59:37 GMT+0700 (Indochina Time): GET /student","level":"info"}
{"message":"Sun Apr 24 2022 21:59:37 GMT+0700 (Indochina Time): GET /student","level":"info"}
{"message":"Sun Apr 24 2022 21:59:37 GMT+0700 (Indochina Time): GET /student","level":"info"}
{"message":"Sun Apr 24 2022 21:59:52 GMT+0700 (Indochina Time): GET /student","level":"info"}
{"message":"Sun Apr 24 2022 21:59:52 GMT+0700 (Indochina Time): GET /student","level":"info"}
{"message":"Sun Apr 24 2022 22:00:10 GMT+0700 (Indochina Time): GET /student","level":"info"}
{"message":"Sun Apr 24 2022 22:00:10 GMT+0700 (Indochina Time): GET /student","level":"info"}
{"message":"Sun Apr 24 2022 22:00:38 GMT+0700 (Indochina Time): GET /student","level":"info"}
{"message":"Sun Apr 24 2022 22:00:38 GMT+0700 (Indochina Time): GET /student","level":"info"}
{"message":"Sun Apr 24 2022 22:00:58 GMT+0700 (Indochina Time): GET /student","level":"info"}
{"message":"Sun Apr 24 2022 22:00:58 GMT+0700 (Indochina Time): GET /student","level":"info"}
{"message":"Sun Apr 24 2022 22:01:00 GMT+0700 (Indochina Time): GET /student","level":"info"}
{"message":"Sun Apr 24 2022 22:01:00 GMT+0700 (Indochina Time): GET /student","level":"info"}
{"message":"Sun Apr 24 2022 22:01:02 GMT+0700 (Indochina Time): GET /student","level":"info"}
{"message":"Sun Apr 24 2022 22:01:02 GMT+0700 (Indochina Time): GET /student","level":"info"}
{"message":"Sun Apr 24 2022 22:04:15 GMT+0700 (Indochina Time): GET /student","level":"info"}
{"message":"Sun Apr 24 2022 22:04:15 GMT+0700 (Indochina Time): GET /student","level":"info"}
{"message":"Sun Apr 24 2022 22:06:21 GMT+0700 (Indochina Time): GET /student","level":"info"}
{"message":"Sun Apr 24 2022 22:06:21 GMT+0700 (Indochina Time): GET /student","level":"info"}
{"message":"API is now running on port 4000 in development mode","level":"info"}
{"message":"Successfully connected to mongodb://localhost:27017 MongoDB cluster in development mode.","level":"info"}
{"message":"Sun Apr 24 2022 22:28:55 GMT+0700 (Indochina Time): GET /student","level":"info"}
{"message":"Sun Apr 24 2022 22:28:55 GMT+0700 (Indochina Time): GET /student","level":"info"}
{"message":"Sun Apr 24 2022 22:29:06 GMT+0700 (Indochina Time): OPTIONS /student","level":"info"}
{"message":"Sun Apr 24 2022 22:29:06 GMT+0700 (Indochina Time): POST /student","level":"info"}
{"message":"Sun Apr 24 2022 22:32:38 GMT+0700 (Indochina Time): GET /student","level":"info"}
{"message":"Sun Apr 24 2022 22:32:38 GMT+0700 (Indochina Time): GET /student","level":"info"}
{"message":"Sun Apr 24 2022 22:32:51 GMT+0700 (Indochina Time): OPTIONS /student","level":"info"}
{"message":"Sun Apr 24 2022 22:32:51 GMT+0700 (Indochina Time): POST /student","level":"info"}
{"message":"Sun Apr 24 2022 22:32:51 GMT+0700 (Indochina Time): GET /student","level":"info"}
{"message":"Sun Apr 24 2022 22:33:05 GMT+0700 (Indochina Time): GET /student","level":"info"}
{"message":"Sun Apr 24 2022 22:33:05 GMT+0700 (Indochina Time): GET /student","level":"info"}
{"message":"Sun Apr 24 2022 22:36:38 GMT+0700 (Indochina Time): GET /student","level":"info"}
{"message":"Sun Apr 24 2022 22:36:38 GMT+0700 (Indochina Time): GET /student","level":"info"}
{"message":"Sun Apr 24 2022 22:37:56 GMT+0700 (Indochina Time): OPTIONS /student","level":"info"}
{"message":"Sun Apr 24 2022 22:37:56 GMT+0700 (Indochina Time): POST /student","level":"info"}
{"message":"Sun Apr 24 2022 22:37:56 GMT+0700 (Indochina Time): GET /student","level":"info"}
